android/app/build/outputs/mapping/release/mapping.txt
# compiler: R8
# compiler_version: 1.5.69
# min_api: 16
# pg_map_id: b8074c7
com.buy_item.MainActivity -> com.buy_item.MainActivity:
    java.lang.String getMainComponentName() -> p
com.buy_item.MainApplication -> com.buy_item.MainApplication:
    com.facebook.react.ReactNativeHost mReactNativeHost -> b
    com.facebook.react.ReactNativeHost getReactNativeHost() -> a
    void initializeFlipper(android.content.Context,com.facebook.react.ReactInstanceManager) -> a
com.buy_item.MainApplication$1 -> com.buy_item.MainApplication$a:
    java.lang.String getJSMainModuleName() -> e
    java.util.List getPackages() -> g
    boolean getUseDeveloperSupport() -> k
...
com.facebook.react.uimanager.NativeViewHierarchyOptimizer$NodeIndexPair -> com.facebook.react.uimanager.n$a:
    com.facebook.react.uimanager.ReactShadowNode node -> a
    int index -> b
com.facebook.react.uimanager.NoSuchNativeViewException -> com.facebook.react.uimanager.o:
com.facebook.react.uimanager.OnLayoutEvent -> com.facebook.react.uimanager.p:
    int mWidth -> h
    int mHeight -> i
    int mX -> f
    int mY -> g
    androidx.core.util.Pools$SynchronizedPool EVENTS_POOL -> j
    void dispatch(com.facebook.react.uimanager.events.RCTEventEmitter) -> a
    void init(int,int,int,int,int) -> a
    com.facebook.react.uimanager.OnLayoutEvent obtain(int,int,int,int,int) -> b
    java.lang.String getEventName() -> d
    void onDispose() -> i
com.facebook.react.uimanager.PixelUtil -> com.facebook.react.uimanager.q:
    float toDIPFromPixel(float) -> a
    float toPixelFromDIP(double) -> a
    float toPixelFromSP(float,float) -> a
    float toPixelFromDIP(float) -> b
    float toPixelFromSP(double) -> b
    float toPixelFromSP(float) -> c
    float toSPFromPixel(float) -> d
com.facebook.react.uimanager.PointerEvents -> com.facebook.react.uimanager.r:
    com.facebook.react.uimanager.PointerEvents BOX_NONE -> c
    com.facebook.react.uimanager.PointerEvents NONE -> b
    com.facebook.react.uimanager.PointerEvents AUTO -> e
    com.facebook.react.uimanager.PointerEvents BOX_ONLY -> d
    com.facebook.react.uimanager.PointerEvents[] $VALUES -> f
com.facebook.react.uimanager.ReactAccessibilityDelegate -> com.facebook.react.uimanager.s:
    java.util.HashMap sActionIdMap -> g
    android.os.Handler mHandler -> d
    int sCounter -> f
    java.util.HashMap mAccessibilityActionsMap -> e
    void onInitializeAccessibilityNodeInfo(android.view.View,androidx.core.view.accessibility.AccessibilityNodeInfoCompat) -> a
    boolean performAccessibilityAction(android.view.View,int,android.os.Bundle) -> a
    void setRole(androidx.core.view.accessibility.AccessibilityNodeInfoCompat,com.facebook.react.uimanager.ReactAccessibilityDelegate$AccessibilityRole,android.content.Context) -> a
    void setState(androidx.core.view.accessibility.AccessibilityNodeInfoCompat,com.facebook.react.bridge.ReadableMap,android.content.Context) -> a
    void onInitializeAccessibilityEvent(android.view.View,android.view.accessibility.AccessibilityEvent) -> b
    void scheduleAccessibilityEventSender(android.view.View) -> c
    void setDelegate(android.view.View) -> d
com.facebook.react.uimanager.ReactAccessibilityDelegate$1 -> com.facebook.react.uimanager.s$a:
com.facebook.react.uimanager.ReactAccessibilityDelegate$2 -> com.facebook.react.uimanager.s$b:
    int[] $SwitchMap$com$facebook$react$uimanager$ReactAccessibilityDelegate$AccessibilityRole -> a